<?xml version="1.0" encoding="UTF-8"?>
<!-- Generated by org.testng.reporters.JUnitReportReporter -->
<testsuite hostname="Padma" failures="0" tests="1" name="org.jenkin.SampleTest" time="9.214" errors="0" timestamp="2023-05-22T22:26:54 IST" skipped="0">
  <testcase classname="org.jenkin.SampleTest" name="tc01" time="9.214"/>
  <system-out/>
</testsuite> <!-- org.jenkin.SampleTest -->
